<?xml version="1.0" encoding="UTF-8"?>
<!-- Generated by org.testng.reporters.JUnitReportReporter -->
<testsuite hostname="DESKTOP-K4K4BJU" failures="0" tests="4" name="com.qa.testLayer.ppp" time="0.028" errors="0" timestamp="2022-07-12T19:00:28 IST" skipped="0">
  <testcase classname="com.qa.testLayer.ppp" name="login" time="0.003"/>
  <system-out/>
  <testcase classname="com.qa.testLayer.ppp" name="login" time="0.003"/>
  <system-out/>
  <testcase classname="com.qa.testLayer.ppp" name="login" time="0.003"/>
  <system-out/>
  <testcase classname="com.qa.testLayer.ppp" name="login" time="0.019"/>
  <system-out/>
</testsuite> <!-- com.qa.testLayer.ppp -->
