<?xml version="1.0" encoding="UTF-8"?>
<!-- Generated by org.testng.reporters.JUnitReportReporter -->
<testsuite hostname="DESKTOP-K4K4BJU" failures="0" tests="2" name="com.qa.testLayer.xxx" time="1.335" errors="0" timestamp="2022-07-14T12:30:37 IST" skipped="0">
  <testcase classname="com.qa.testLayer.xxx" name="checkrow" time="0.013"/>
  <system-out/>
  <testcase classname="com.qa.testLayer.xxx" name="savedata" time="1.322"/>
  <system-out/>
</testsuite> <!-- com.qa.testLayer.xxx -->
