<?xml version="1.0" encoding="UTF-8"?>
<!-- Generated by org.testng.reporters.JUnitReportReporter -->
<testsuite hostname="DESKTOP-K4K4BJU" failures="0" tests="4" name="com.qa.testLayer.HomepageTest" time="68.730" errors="0" timestamp="2022-07-14T13:10:20 IST" skipped="0">
  <testcase classname="com.qa.testLayer.HomepageTest" name="CheckAvailbleBususes" time="15.257"/>
  <system-out/>
  <testcase classname="com.qa.testLayer.HomepageTest" name="CheckAvailbleBususes" time="15.315"/>
  <system-out/>
  <testcase classname="com.qa.testLayer.HomepageTest" name="CheckAvailbleBususes" time="25.077"/>
  <system-out/>
  <testcase classname="com.qa.testLayer.HomepageTest" name="CheckAvailbleBususes" time="13.081"/>
  <system-out/>
</testsuite> <!-- com.qa.testLayer.HomepageTest -->
