<?xml version="1.0" encoding="UTF-8"?>
<!-- Generated by org.testng.reporters.JUnitReportReporter -->
<testsuite hostname="DESKTOP-K4K4BJU" failures="0" tests="1" name="com.qa.testBase.write" time="1.330" errors="0" timestamp="2022-07-11T17:27:05 IST" skipped="0">
  <testcase classname="com.qa.testBase.write" name="test" time="1.330"/>
  <system-out/>
</testsuite> <!-- com.qa.testBase.write -->
