<?xml version="1.0" encoding="UTF-8"?>
<!-- Generated by org.testng.reporters.JUnitReportReporter -->
<testsuite hostname="DESKTOP-K4K4BJU" failures="0" tests="1" name="com.qa.testLayer.ProductPageTest" time="21.556" errors="0" timestamp="2022-07-14T19:20:54 IST" skipped="0">
  <testcase classname="com.qa.testLayer.ProductPageTest" name="verifyAddToCart" time="21.556"/>
  <system-out/>
</testsuite> <!-- com.qa.testLayer.ProductPageTest -->
